2024-09-09 17:38,966 __main__ INFO Ingreso de usuario admin
2024-09-09 17:39,824 __main__ INFO Tarea guardada en archivo
2024-09-09 17:39,120 __main__ INFO Tareas del usuario admin impresas en consola
2024-09-09 17:39,799 __main__ INFO Tareas mostradas con filtros aplicados
2024-09-09 18:02,979 __main__ INFO Ingreso de usuario f
2024-09-09 18:02,66 __main__ INFO Tareas del usuario f impresas en consola
2024-09-09 18:04,747 __main__ INFO Ingreso de usuario f
2024-09-09 18:04,788 __main__ INFO Tarea guardada en archivo
2024-09-09 18:04,252 __main__ INFO Tareas del usuario f impresas en consola
2024-09-09 18:06,438 __main__ INFO Ingreso de usuario f
2024-09-09 18:07,774 __main__ WARNING Ocurrio un problema al modificar la tarea
2024-09-09 18:12,297 __main__ INFO Tarea guardada en archivo
2024-09-09 18:19,208 __main__ WARNING Ocurrio un problema al ingresar al usuario f 
2024-09-09 18:19,496 __main__ INFO Ingreso de usuario f
2024-09-09 18:20,549 __main__ INFO Tarea guardada en archivo
2024-09-09 18:20,57 __main__ INFO Tareas del usuario f impresas en consola
2024-09-09 18:23,931 __main__ INFO Ingreso de usuario f
2024-09-09 18:25,753 __main__ INFO Ingreso de usuario f
2024-09-09 18:25,155 __main__ INFO Tarea guardada en archivo
2024-09-09 18:25,102 __main__ WARNING No se logro mostrar la tarea
2024-09-09 18:27,840 __main__ WARNING Ocurrio un problema al ingresar al usuario f 
2024-09-09 18:28,98 __main__ INFO Ingreso de usuario f
2024-09-09 18:28,7 __main__ INFO Tareas del usuario f impresas en consola
2024-09-09 18:28,250 __main__ WARNING Ocurrio un problema al modificar la tarea
2024-09-09 18:30,860 __main__ INFO Ingreso de usuario f
2024-09-09 18:30,763 __main__ INFO Tareas del usuario f impresas en consola
2024-09-09 18:30,218 __main__ WARNING Ocurrio un problema al filtrar las tareas
2024-09-09 18:32,806 __main__ WARNING Ocurrio un problema al ingresar al usuario f 
2024-09-09 18:33,744 __main__ INFO Ingreso de usuario f
2024-09-09 18:33,601 __main__ WARNING Ocurrio un problema al filtrar las tareas
2024-09-09 18:42,200 __main__ INFO Ingreso de usuario f
2024-09-09 18:43,314 __main__ INFO Tareas del usuario f impresas en consola
2024-09-09 18:43,554 __main__ INFO Tareas mostradas con filtros aplicados
2024-09-09 18:43,529 __main__ INFO Tareas del usuario f impresas en consola
2024-09-09 18:44,938 __main__ WARNING Ocurrio un problema al modificar la tarea
2024-09-09 18:46,953 __main__ INFO Ingreso de usuario f
2024-09-09 18:46,867 __main__ INFO Tarea t1 modificada
2024-09-09 18:47,877 __main__ INFO Estado de tarea t4 cambiado
2024-09-09 18:47,582 __main__ INFO Tareas del usuario f impresas en consola
2024-09-09 18:47,297 __main__ WARNING Ocurrio un problema al ingresar al usuario f 
